<?xml version="1.0" encoding="utf-8"?><testsuites name="pytest tests"><testsuite name="pytest" errors="0" failures="0" skipped="0" tests="27" time="25.486" timestamp="2026-09-18T21:58:07.611456+05:30" hostname="Harshavardhans-MacBook-Air.local"><testcase classname="packet_tests.test_cloud" name="test_cloud_uploads_and_bytes_work_without_exposing_local_admin_controls" time="0.273" /><testcase classname="packet_tests.test_monitoring" name="test_real_metadata_unknown_truth_and_model_predictions" time="1.433" /><testcase classname="packet_tests.test_monitoring" name="test_unscored_packets_and_policy_are_not_fabricated" time="0.001" /><testcase classname="packet_tests.test_monitoring" name="test_capture_worker_roundtrip_uses_actual_scapy_offline_reader" time="0.028" /><testcase classname="packet_tests.test_monitoring" name="test_queue_overflow_is_counted_and_not_silent" time="0.001" /><testcase classname="packet_tests.test_monitoring" name="test_replay_retains_capture_provenance" time="0.006" /><testcase classname="packet_tests.test_pipeline" name="test_byte_contract" time="0.001" /><testcase classname="packet_tests.test_pipeline" name="test_no_flow_or_empty_inputs[]" time="0.001" /><testcase classname="packet_tests.test_pipeline" name="test_no_flow_or_empty_inputs[payload1]" time="0.001" /><testcase classname="packet_tests.test_pipeline" name="test_no_flow_or_empty_inputs[payload2]" time="0.001" /><testcase classname="packet_tests.test_pipeline" name="test_hex_validation" time="0.001" /><testcase classname="packet_tests.test_pipeline" name="test_capture_payload_extraction" time="0.002" /><testcase classname="packet_tests.test_pipeline" name="test_architecture_and_gradient" time="0.019" /><testcase classname="packet_tests.test_pipeline" name="test_manifest_group_and_schema_guards" time="0.016" /><testcase classname="packet_tests.test_pipeline" name="test_manifest_setup_and_missing_data_errors" time="0.016" /><testcase classname="packet_tests.test_pipeline" name="test_prepare_cli_missing_manifest_is_actionable_without_traceback" time="0.195" /><testcase classname="packet_tests.test_pipeline" name="test_preparation_keeps_capture_splits_and_removes_duplicate_bytes" time="0.027" /><testcase classname="packet_tests.test_pipeline" name="test_real_training_reload_and_replay_on_test_only_fixture" time="0.014" /><testcase classname="packet_tests.test_pipeline" name="test_checkpoint_tampering_rejected" time="0.004" /><testcase classname="packet_tests.test_pipeline" name="test_actual_shap_returns_one_value_per_byte" time="15.586" /><testcase classname="packet_tests.test_pipeline" name="test_no_checkpoint_no_predictions" time="0.002" /><testcase classname="packet_tests.test_streamlit" name="test_untrained_ui_and_interactive_byte_preprocessing" time="0.659" /><testcase classname="packet_tests.test_streamlit" name="test_bad_hex_shows_actionable_error" time="0.334" /><testcase classname="packet_tests.test_streamlit" name="test_model_ui_replay_classification_shap_and_evaluation" time="0.855" /><testcase classname="packet_tests.test_validation" name="test_nested_splits_keep_outer_data_out_of_selection" time="0.033" /><testcase classname="packet_tests.test_validation" name="test_cluster_bootstrap_reports_reproducible_intervals" time="0.315" /><testcase classname="packet_tests.test_validation" name="test_nested_training_and_bootstrap_end_to_end" time="0.291" /></testsuite></testsuites>